<?xml version="1.0" encoding="UTF-8"?>
<testng-results ignored="0" total="6" passed="6" failed="0" skipped="0">
  <reporter-output>
  </reporter-output>
  <suite started-at="2022-08-11T17:52:27 IST" name="Suite" finished-at="2022-08-11T17:52:27 IST" duration-ms="111">
    <groups>
    </groups>
    <test started-at="2022-08-11T17:52:27 IST" name="Test" finished-at="2022-08-11T17:52:27 IST" duration-ms="111">
      <class name="qaclickacademy.AppiumTest">
        <test-method signature="IOSApps()[pri:0, instance:qaclickacademy.AppiumTest@64cd705f]" started-at="2022-08-11T17:52:27 IST" name="IOSApps" finished-at="2022-08-11T17:52:27 IST" duration-ms="9" status="PASS">
          <reporter-output>
          </reporter-output>
        </test-method> <!-- IOSApps -->
        <test-method signature="nativeAppAndroid()[pri:0, instance:qaclickacademy.AppiumTest@64cd705f]" started-at="2022-08-11T17:52:27 IST" name="nativeAppAndroid" finished-at="2022-08-11T17:52:27 IST" duration-ms="1" status="PASS">
          <reporter-output>
          </reporter-output>
        </test-method> <!-- nativeAppAndroid -->
      </class> <!-- qaclickacademy.AppiumTest -->
      <class name="qaclickacademy.RestAPITest">
        <test-method signature="deleteTwitter()[pri:0, instance:qaclickacademy.RestAPITest@c267ef4]" started-at="2022-08-11T17:52:27 IST" name="deleteTwitter" finished-at="2022-08-11T17:52:27 IST" duration-ms="1" status="PASS">
          <reporter-output>
          </reporter-output>
        </test-method> <!-- deleteTwitter -->
        <test-method signature="postJira()[pri:0, instance:qaclickacademy.RestAPITest@c267ef4]" started-at="2022-08-11T17:52:27 IST" name="postJira" finished-at="2022-08-11T17:52:27 IST" duration-ms="2" status="PASS">
          <reporter-output>
          </reporter-output>
        </test-method> <!-- postJira -->
      </class> <!-- qaclickacademy.RestAPITest -->
      <class name="qaclickacademy.SeleniumTest">
        <test-method signature="browserAutomation()[pri:0, instance:qaclickacademy.SeleniumTest@21de60b4]" started-at="2022-08-11T17:52:27 IST" name="browserAutomation" finished-at="2022-08-11T17:52:27 IST" duration-ms="0" status="PASS">
          <reporter-output>
          </reporter-output>
        </test-method> <!-- browserAutomation -->
        <test-method signature="elementsUI()[pri:0, instance:qaclickacademy.SeleniumTest@21de60b4]" started-at="2022-08-11T17:52:27 IST" name="elementsUI" finished-at="2022-08-11T17:52:27 IST" duration-ms="2" status="PASS">
          <reporter-output>
          </reporter-output>
        </test-method> <!-- elementsUI -->
      </class> <!-- qaclickacademy.SeleniumTest -->
    </test> <!-- Test -->
  </suite> <!-- Suite -->
</testng-results>
